{
  "stats": {
    "suites": 1,
    "tests": 11,
    "passes": 5,
    "pending": 0,
    "failures": 6,
    "start": "2025-09-26T23:33:58.885Z",
    "end": "2025-09-26T23:35:17.875Z",
    "duration": 78990,
    "testsRegistered": 11,
    "passPercent": 45.45454545454545,
    "pendingPercent": 0,
    "other": 0,
    "hasOther": false,
    "skipped": 0,
    "hasSkipped": false
  },
  "results": [
    {
      "uuid": "b32f9b37-7c18-4549-8fdc-93e648e1c3ab",
      "title": "",
      "fullFile": "cypress\\e2e\\publico.cy.js",
      "file": "cypress\\e2e\\publico.cy.js",
      "beforeHooks": [],
      "afterHooks": [],
      "tests": [],
      "suites": [
        {
          "uuid": "61193be5-e101-44b8-8910-d65d3de3be3b",
          "title": "Navegação pública - emprega.garca.sp.gov.br",
          "fullFile": "",
          "file": "",
          "beforeHooks": [],
          "afterHooks": [],
          "tests": [
            {
              "title": "Deve exibir o título correto",
              "fullTitle": "Navegação pública - emprega.garca.sp.gov.br Deve exibir o título correto",
              "timedOut": null,
              "duration": 18179,
              "state": "passed",
              "speed": "slow",
              "pass": true,
              "fail": false,
              "pending": false,
              "context": null,
              "code": "cy.title().should('include', 'Secretaria de Desenvolvimento Econômico de GARÇA');",
              "err": {},
              "uuid": "f0a15eee-ed27-452b-801c-64977a01c013",
              "parentUUID": "61193be5-e101-44b8-8910-d65d3de3be3b",
              "isHook": false,
              "skipped": false
            },
            {
              "title": "Deve exibir o menu principal",
              "fullTitle": "Navegação pública - emprega.garca.sp.gov.br Deve exibir o menu principal",
              "timedOut": null,
              "duration": 3422,
              "state": "passed",
              "speed": "fast",
              "pass": true,
              "fail": false,
              "pending": false,
              "context": null,
              "code": "cy.contains('Início').should('be.visible');",
              "err": {},
              "uuid": "9bc76501-4680-4217-a9ac-158cefa17fcc",
              "parentUUID": "61193be5-e101-44b8-8910-d65d3de3be3b",
              "isHook": false,
              "skipped": false
            },
            {
              "title": "Deve exibir o menu de acesso rápido",
              "fullTitle": "Navegação pública - emprega.garca.sp.gov.br Deve exibir o menu de acesso rápido",
              "timedOut": null,
              "duration": 2734,
              "state": "passed",
              "speed": "fast",
              "pass": true,
              "fail": false,
              "pending": false,
              "context": null,
              "code": "cy.contains('Acesso Rápido').should('be.visible');",
              "err": {},
              "uuid": "6f7c0fe7-924c-487a-80f5-23a1f3c888d6",
              "parentUUID": "61193be5-e101-44b8-8910-d65d3de3be3b",
              "isHook": false,
              "skipped": false
            },
            {
              "title": "Deve navegar para Vagas de Emprego",
              "fullTitle": "Navegação pública - emprega.garca.sp.gov.br Deve navegar para Vagas de Emprego",
              "timedOut": null,
              "duration": 4872,
              "state": "failed",
              "speed": null,
              "pass": false,
              "fail": true,
              "pending": false,
              "context": null,
              "code": "cy.contains('Vagas de Emprego').click();\ncy.contains('Vagas').should('be.visible');",
              "err": {
                "message": "TypeError: The following error originated from your application code, not from Cypress.\n\n  > $(...).owlCarousel is not a function\n\nWhen Cypress detects uncaught errors originating from your application it will automatically fail the current test.\n\nThis behavior is configurable, and you can choose to turn this off by listening to the `uncaught:exception` event.\n\nhttps://on.cypress.io/uncaught-exception-from-application",
                "estack": "TypeError: The following error originated from your application code, not from Cypress.\n\n  > $(...).owlCarousel is not a function\n\nWhen Cypress detects uncaught errors originating from your application it will automatically fail the current test.\n\nThis behavior is configurable, and you can choose to turn this off by listening to the `uncaught:exception` event.\n\nhttps://on.cypress.io/uncaught-exception-from-application\n    at <unknown> (https://www.emprega.garca.sp.gov.br/site2/js/site.js:1:22411)",
                "diff": null
              },
              "uuid": "9c438a68-551b-458e-bb1b-04ba6ccad872",
              "parentUUID": "61193be5-e101-44b8-8910-d65d3de3be3b",
              "isHook": false,
              "skipped": false
            },
            {
              "title": "Deve navegar para Notícias",
              "fullTitle": "Navegação pública - emprega.garca.sp.gov.br Deve navegar para Notícias",
              "timedOut": null,
              "duration": 7010,
              "state": "failed",
              "speed": null,
              "pass": false,
              "fail": true,
              "pending": false,
              "context": null,
              "code": "cy.contains('Notícias').click();\ncy.contains('Notícias').should('be.visible');",
              "err": {
                "message": "TypeError: The following error originated from your application code, not from Cypress.\n\n  > $(...).owlCarousel is not a function\n\nWhen Cypress detects uncaught errors originating from your application it will automatically fail the current test.\n\nThis behavior is configurable, and you can choose to turn this off by listening to the `uncaught:exception` event.\n\nhttps://on.cypress.io/uncaught-exception-from-application",
                "estack": "TypeError: The following error originated from your application code, not from Cypress.\n\n  > $(...).owlCarousel is not a function\n\nWhen Cypress detects uncaught errors originating from your application it will automatically fail the current test.\n\nThis behavior is configurable, and you can choose to turn this off by listening to the `uncaught:exception` event.\n\nhttps://on.cypress.io/uncaught-exception-from-application\n    at <unknown> (https://www.emprega.garca.sp.gov.br/site2/js/site.js:1:22411)",
                "diff": null
              },
              "uuid": "a146a7b1-f7ad-49ce-8812-052e7638e1c3",
              "parentUUID": "61193be5-e101-44b8-8910-d65d3de3be3b",
              "isHook": false,
              "skipped": false
            },
            {
              "title": "Deve navegar para Expediente",
              "fullTitle": "Navegação pública - emprega.garca.sp.gov.br Deve navegar para Expediente",
              "timedOut": null,
              "duration": 5812,
              "state": "failed",
              "speed": null,
              "pass": false,
              "fail": true,
              "pending": false,
              "context": null,
              "code": "cy.contains('Expediente').click();\ncy.contains('Expediente').should('be.visible');",
              "err": {
                "message": "TypeError: The following error originated from your application code, not from Cypress.\n\n  > $(...).owlCarousel is not a function\n\nWhen Cypress detects uncaught errors originating from your application it will automatically fail the current test.\n\nThis behavior is configurable, and you can choose to turn this off by listening to the `uncaught:exception` event.\n\nhttps://on.cypress.io/uncaught-exception-from-application",
                "estack": "TypeError: The following error originated from your application code, not from Cypress.\n\n  > $(...).owlCarousel is not a function\n\nWhen Cypress detects uncaught errors originating from your application it will automatically fail the current test.\n\nThis behavior is configurable, and you can choose to turn this off by listening to the `uncaught:exception` event.\n\nhttps://on.cypress.io/uncaught-exception-from-application\n    at <unknown> (https://www.emprega.garca.sp.gov.br/site2/js/site.js:1:22411)",
                "diff": null
              },
              "uuid": "90bdb81e-e1b0-4669-9313-24cc98e8b8a3",
              "parentUUID": "61193be5-e101-44b8-8910-d65d3de3be3b",
              "isHook": false,
              "skipped": false
            },
            {
              "title": "Deve navegar para Fale Conosco",
              "fullTitle": "Navegação pública - emprega.garca.sp.gov.br Deve navegar para Fale Conosco",
              "timedOut": null,
              "duration": 9051,
              "state": "failed",
              "speed": null,
              "pass": false,
              "fail": true,
              "pending": false,
              "context": null,
              "code": "cy.contains('Contato').click();\ncy.contains('Fale Conosco').should('be.visible');",
              "err": {
                "message": "TypeError: The following error originated from your application code, not from Cypress.\n\n  > $(...).owlCarousel is not a function\n\nWhen Cypress detects uncaught errors originating from your application it will automatically fail the current test.\n\nThis behavior is configurable, and you can choose to turn this off by listening to the `uncaught:exception` event.\n\nhttps://on.cypress.io/uncaught-exception-from-application",
                "estack": "TypeError: The following error originated from your application code, not from Cypress.\n\n  > $(...).owlCarousel is not a function\n\nWhen Cypress detects uncaught errors originating from your application it will automatically fail the current test.\n\nThis behavior is configurable, and you can choose to turn this off by listening to the `uncaught:exception` event.\n\nhttps://on.cypress.io/uncaught-exception-from-application\n    at <unknown> (https://www.emprega.garca.sp.gov.br/site2/js/site.js:1:22411)",
                "diff": null
              },
              "uuid": "27f4c51c-167f-4270-a412-fc9e57064fca",
              "parentUUID": "61193be5-e101-44b8-8910-d65d3de3be3b",
              "isHook": false,
              "skipped": false
            },
            {
              "title": "Deve exibir o menu de acessibilidade",
              "fullTitle": "Navegação pública - emprega.garca.sp.gov.br Deve exibir o menu de acessibilidade",
              "timedOut": null,
              "duration": 14551,
              "state": "failed",
              "speed": null,
              "pass": false,
              "fail": true,
              "pending": false,
              "context": null,
              "code": "cy.contains('Acessibilidade').should('be.visible');",
              "err": {
                "message": "AssertionError: Timed out retrying after 4000ms: expected '<p>' to be 'visible'\n\nThis element `<p>` is not visible because its parent `<div.acessibilidade_v2.acessibilidade_left_v2>` has CSS property: `display: none`",
                "estack": "AssertionError: Timed out retrying after 4000ms: expected '<p>' to be 'visible'\n\nThis element `<p>` is not visible because its parent `<div.acessibilidade_v2.acessibilidade_left_v2>` has CSS property: `display: none`\n    at Context.eval (webpack://emprega_garca/./cypress/e2e/publico.cy.js:39:34)",
                "diff": null
              },
              "uuid": "d6c74485-b8c2-4c2e-be52-c55bc593a5af",
              "parentUUID": "61193be5-e101-44b8-8910-d65d3de3be3b",
              "isHook": false,
              "skipped": false
            },
            {
              "title": "Deve exibir os links de redes sociais no rodapé",
              "fullTitle": "Navegação pública - emprega.garca.sp.gov.br Deve exibir os links de redes sociais no rodapé",
              "timedOut": null,
              "duration": 5636,
              "state": "passed",
              "speed": "medium",
              "pass": true,
              "fail": false,
              "pending": false,
              "context": null,
              "code": "cy.contains('Siga nas redes sociais').should('be.visible');",
              "err": {},
              "uuid": "557ca304-25d4-41ce-b40d-f1d04a59111d",
              "parentUUID": "61193be5-e101-44b8-8910-d65d3de3be3b",
              "isHook": false,
              "skipped": false
            },
            {
              "title": "Deve exibir o campo de busca",
              "fullTitle": "Navegação pública - emprega.garca.sp.gov.br Deve exibir o campo de busca",
              "timedOut": null,
              "duration": 3521,
              "state": "passed",
              "speed": "fast",
              "pass": true,
              "fail": false,
              "pending": false,
              "context": null,
              "code": "cy.get('input[id*=\"busca\"], input[id*=\"buscar\"]').should('exist');",
              "err": {},
              "uuid": "7e902ab4-7187-49a9-bc2c-c724323e76f4",
              "parentUUID": "61193be5-e101-44b8-8910-d65d3de3be3b",
              "isHook": false,
              "skipped": false
            },
            {
              "title": "Deve realizar uma busca por \"emprego\"",
              "fullTitle": "Navegação pública - emprega.garca.sp.gov.br Deve realizar uma busca por \"emprego\"",
              "timedOut": null,
              "duration": 3373,
              "state": "failed",
              "speed": null,
              "pass": false,
              "fail": true,
              "pending": false,
              "context": null,
              "code": "cy.get('input[id*=\"busca\"], input[id*=\"buscar\"]').type('emprego');\ncy.get('button[id*=\"btnBusca\"], button[id*=\"btnBuscar\"]').click();\ncy.contains(/emprego/i).should('exist');",
              "err": {
                "message": "CypressError: `cy.type()` can only be called on a single element. Your subject contained 3 elements.\n\nhttps://on.cypress.io/type",
                "estack": "CypressError: `cy.type()` can only be called on a single element. Your subject contained 3 elements.\n\nhttps://on.cypress.io/type\n    at Context.type (https://www.emprega.garca.sp.gov.br/__cypress/runner/cypress_runner.js:116626:68)\n    at wrapped (https://www.emprega.garca.sp.gov.br/__cypress/runner/cypress_runner.js:141596:19)\nFrom Your Spec Code:\n    at Context.eval (webpack://emprega_garca/./cypress/e2e/publico.cy.js:51:54)",
                "diff": null
              },
              "uuid": "83ba3203-e437-4854-b7e5-e0a4e362b6d0",
              "parentUUID": "61193be5-e101-44b8-8910-d65d3de3be3b",
              "isHook": false,
              "skipped": false
            }
          ],
          "suites": [],
          "passes": [
            "f0a15eee-ed27-452b-801c-64977a01c013",
            "9bc76501-4680-4217-a9ac-158cefa17fcc",
            "6f7c0fe7-924c-487a-80f5-23a1f3c888d6",
            "557ca304-25d4-41ce-b40d-f1d04a59111d",
            "7e902ab4-7187-49a9-bc2c-c724323e76f4"
          ],
          "failures": [
            "9c438a68-551b-458e-bb1b-04ba6ccad872",
            "a146a7b1-f7ad-49ce-8812-052e7638e1c3",
            "90bdb81e-e1b0-4669-9313-24cc98e8b8a3",
            "27f4c51c-167f-4270-a412-fc9e57064fca",
            "d6c74485-b8c2-4c2e-be52-c55bc593a5af",
            "83ba3203-e437-4854-b7e5-e0a4e362b6d0"
          ],
          "pending": [],
          "skipped": [],
          "duration": 78161,
          "root": false,
          "rootEmpty": false,
          "_timeout": 2000
        }
      ],
      "passes": [],
      "failures": [],
      "pending": [],
      "skipped": [],
      "duration": 0,
      "root": true,
      "rootEmpty": true,
      "_timeout": 2000
    }
  ],
  "meta": {
    "mocha": {
      "version": "7.2.0"
    },
    "mochawesome": {
      "options": {
        "quiet": false,
        "reportFilename": "mochawesome",
        "saveHtml": true,
        "saveJson": true,
        "consoleReporter": "spec",
        "useInlineDiffs": false,
        "code": true
      },
      "version": "7.1.4"
    },
    "marge": {
      "options": {
        "reportDir": "cypress/reports",
        "overwrite": false,
        "html": true,
        "json": true
      },
      "version": "6.3.0"
    }
  }
}